C51 COMPILER V9.54   KEY                                                                   11/30/2022 22:14:35 PAGE 1   


C51 COMPILER V9.54, COMPILATION OF MODULE KEY
OBJECT MODULE PLACED IN .\Obj\key.obj
COMPILER INVOKED BY: E:\dev\keil5for51\C51\BIN\C51.EXE App\key\key.c OPTIMIZE(8,SPEED) BROWSE INCDIR(.\Public;.\App\24c0
                    -2;.\App\iic;.\App\key;.\App\smg;.\App\ds18b20) DEBUG OBJECTEXTEND PRINT(.\Obj\key.lst) TABS(2) OBJECT(.\Obj\key.obj)

line level    source

   1          #include "key.h"
   2          /**
   3           * @brief 检测独立按键是否按下，按下则返回对应键值
   4           *
   5           * @param mode
   6           *      mode=0：单次扫描按键
   7           *      mode=1：连续扫描按键
   8           * @return u8
   9           *      KEY1_PRESS：K1 按下
  10           *      KEY2_PRESS：K2 按下
  11           *      KEY3_PRESS：K3 按下
  12           *      KEY4_PRESS：K4 按下
  13           *      KEY_UNPRESS：未有按键按下
  14           */
  15          u8 key_scan(u8 mode)
  16          {
  17   1        //静态全局变量
  18   1        static u8 key = 1;
  19   1        //如果为1 将key 重置为1 这样永远会走if
  20   1        //如果为0 第一次走if 之后要等用户松手 等所有按键变成高电平 才会走else if 将k
             -ey置为1
  21   1        if (mode)
  22   1        {
  23   2          key = 1;
  24   2        }
  25   1      
  26   1        if (key == 1 && (KEY1 == 0 || KEY2 == 0 || KEY3 == 0 || KEY4 == 0))
  27   1        {
  28   2          delay_10us(1000);
  29   2          //置0
  30   2          key = 0;
  31   2          if (KEY1 == 0)
  32   2            return KEY1_PRESS;
  33   2          else if (KEY2 == 0)
  34   2            return KEY2_PRESS;
  35   2          else if (KEY3 == 0)
  36   2            return KEY3_PRESS;
  37   2          else if (KEY4 == 0)
  38   2            return KEY4_PRESS;
  39   2        }
  40   1        else if (KEY1 == 1 && KEY2 == 1 && KEY3 == 1 && KEY4 == 1)
  41   1        {
  42   2          //置1
  43   2          key = 1;
  44   2        }
  45   1        return KEY_UNPRESS;
  46   1      }


MODULE INFORMATION:   STATIC OVERLAYABLE
   CODE SIZE        =     76    ----
   CONSTANT SIZE    =   ----    ----
   XDATA SIZE       =   ----    ----
   PDATA SIZE       =   ----    ----
C51 COMPILER V9.54   KEY                                                                   11/30/2022 22:14:35 PAGE 2   

   DATA SIZE        =      1    ----
   IDATA SIZE       =   ----    ----
   BIT SIZE         =   ----    ----
END OF MODULE INFORMATION.


C51 COMPILATION COMPLETE.  0 WARNING(S),  0 ERROR(S)
