C51 COMPILER V9.54   MAIN                                                                  11/30/2022 22:14:35 PAGE 1   


C51 COMPILER V9.54, COMPILATION OF MODULE MAIN
OBJECT MODULE PLACED IN .\Obj\main.obj
COMPILER INVOKED BY: E:\dev\keil5for51\C51\BIN\C51.EXE User\main.c OPTIMIZE(8,SPEED) BROWSE INCDIR(.\Public;.\App\24c02;
                    -.\App\iic;.\App\key;.\App\smg;.\App\ds18b20) DEBUG OBJECTEXTEND PRINT(.\Obj\main.lst) TABS(2) OBJECT(.\Obj\main.obj)

line level    source

   1          #include "public.h"
   2          #include "ds18b20.h"
   3          #include "smg.h"
   4          
   5          void main()
   6          {
   7   1        u8 i = 0;
   8   1        int temp_value;
   9   1        u8 temp_buf[5];
  10   1          u8 gsmg_code[17] = {0x3f, 0x06, 0x5b, 0x4f, 0x66, 0x6d, 0x7d, 0x07,0x7f, 0x6f, 0x77, 0x7c, 0x39, 0x5e, 0
             -x79, 0x71};
  11   1      
  12   1        ds18b20_init();
  13   1      
  14   1        while (1)
  15   1        {
  16   2          i++;
  17   2          //间隔一段时间读取温度值，间隔时间要大于温度传感器转换温度时间
  18   2          if (i % 50 == 0)
  19   2          {
  20   3            //保留温度值小数后一位
  21   3            temp_value = ds18b20_read_temperture() * 10;
  22   3          }
  23   2          if (temp_value < 0)
  24   2          {
  25   3            temp_value = -temp_value;
  26   3            temp_buf[0] = 0x40;
  27   3          }
  28   2          else
  29   2          {
  30   3            temp_buf[0] = 0x00;
  31   3          }
  32   2          temp_buf[1] = gsmg_code[temp_value / 1000];           //百位
  33   2          temp_buf[2] = gsmg_code[temp_value % 1000 / 100];       //十位
  34   2          temp_buf[3] = gsmg_code[temp_value % 1000 % 100 / 10] | 0x80; //个位+小数点
  35   2          temp_buf[4] = gsmg_code[temp_value % 1000 % 100 % 10];      //小数点后一位
  36   2          smg_display(temp_buf, 4);
  37   2        }
  38   1      }


MODULE INFORMATION:   STATIC OVERLAYABLE
   CODE SIZE        =    201    ----
   CONSTANT SIZE    =     17    ----
   XDATA SIZE       =   ----    ----
   PDATA SIZE       =   ----    ----
   DATA SIZE        =   ----      25
   IDATA SIZE       =   ----    ----
   BIT SIZE         =   ----    ----
END OF MODULE INFORMATION.


C51 COMPILATION COMPLETE.  0 WARNING(S),  0 ERROR(S)
