C51 COMPILER V9.54   SMG                                                                   11/30/2022 22:14:35 PAGE 1   


C51 COMPILER V9.54, COMPILATION OF MODULE SMG
OBJECT MODULE PLACED IN .\Obj\smg.obj
COMPILER INVOKED BY: E:\dev\keil5for51\C51\BIN\C51.EXE App\smg\smg.c OPTIMIZE(8,SPEED) BROWSE INCDIR(.\Public;.\App\24c0
                    -2;.\App\iic;.\App\key;.\App\smg;.\App\ds18b20) DEBUG OBJECTEXTEND PRINT(.\Obj\smg.lst) TABS(2) OBJECT(.\Obj\smg.obj)

line level    source

   1          #include "smg.h"
   2          
   3          /**
   4           * @brief
   5           *
   6           * @param dat 要显示的数据
   7           * @param pos 从左开始第几个位置开始显示，范围1-8
   8           */
   9          void smg_display(u8 dat[], u8 pos)
  10          {
  11   1        u8 i = 0;
  12   1        u8 pos_temp = pos - 1;
  13   1      
  14   1        for (i = pos_temp; i < 8; i++)
  15   1        {
  16   2          switch (i)
  17   2          {
  18   3          case 0:
  19   3            LSC = 1;
  20   3            LSB = 1;
  21   3            LSA = 1;
  22   3            break;
  23   3          case 1:
  24   3            LSC = 1;
  25   3            LSB = 1;
  26   3            LSA = 0;
  27   3            break;
  28   3          case 2:
  29   3            LSC = 1;
  30   3            LSB = 0;
  31   3            LSA = 1;
  32   3            break;
  33   3          case 3:
  34   3            LSC = 1;
  35   3            LSB = 0;
  36   3            LSA = 0;
  37   3            break;
  38   3          case 4:
  39   3            LSC = 0;
  40   3            LSB = 1;
  41   3            LSA = 1;
  42   3            break;
  43   3          case 5:
  44   3            LSC = 0;
  45   3            LSB = 1;
  46   3            LSA = 0;
  47   3            break;
  48   3          case 6:
  49   3            LSC = 0;
  50   3            LSB = 0;
  51   3            LSA = 1;
  52   3            break;
  53   3          case 7:
  54   3            LSC = 0;
C51 COMPILER V9.54   SMG                                                                   11/30/2022 22:14:35 PAGE 2   

  55   3            LSB = 0;
  56   3            LSA = 0;
  57   3            break;
  58   3          }
  59   2          SMG_A_DP_PORT = dat[i - pos_temp];
  60   2          delay_10us(100);
  61   2          SMG_A_DP_PORT = 0x00;
  62   2        }
  63   1      }


MODULE INFORMATION:   STATIC OVERLAYABLE
   CODE SIZE        =    146    ----
   CONSTANT SIZE    =   ----    ----
   XDATA SIZE       =   ----    ----
   PDATA SIZE       =   ----    ----
   DATA SIZE        =   ----       5
   IDATA SIZE       =   ----    ----
   BIT SIZE         =   ----    ----
END OF MODULE INFORMATION.


C51 COMPILATION COMPLETE.  0 WARNING(S),  0 ERROR(S)
