C51 COMPILER V9.54   DS1302                                                                11/30/2022 22:55:10 PAGE 1   


C51 COMPILER V9.54, COMPILATION OF MODULE DS1302
OBJECT MODULE PLACED IN .\Obj\ds1302.obj
COMPILER INVOKED BY: E:\dev\keil5for51\C51\BIN\C51.EXE App\ds1302\ds1302.c OPTIMIZE(8,SPEED) BROWSE INCDIR(.\Public;.\Ap
                    -p\24c02;.\App\iic;.\App\key;.\App\smg;.\App\ds1302) DEBUG OBJECTEXTEND PRINT(.\Obj\ds1302.lst) TABS(2) OBJECT(.\Obj\ds13
                    -02.obj)

line level    source

   1          #include "ds1302.h"
   2          #include "intrins.h"
   3          
   4          //---DS1302写入和读取时分秒的地址命令---//
   5          //---秒分时日月周年 最低位读写位;-------//
   6          u8 gREAD_RTC_ADDR[7] = {0x81, 0x83, 0x85, 0x87, 0x89, 0x8b, 0x8d}; 
   7          u8 gWRITE_RTC_ADDR[7] = {0x80, 0x82, 0x84, 0x86, 0x88, 0x8a, 0x8c};
   8          
   9          //---DS1302时钟初始化2021年5月20日星期四13点51分47秒。---//
  10          //---存储顺序是秒分时日月周年,存储格式是用BCD码---//
  11          u8 gDS1302_TIME[7] = {0x47, 0x51, 0x13, 0x20, 0x04, 0x05, 0x21};
  12          
  13          
  14          /*******************************************************************************
  15          * 函 数 名       : ds1302_write_byte
  16          * 函数功能     : DS1302写单字节
  17          * 输    入       : addr：地址/命令
  18                     dat：数据
  19          * 输    出       : 无
  20          *******************************************************************************/
  21          void ds1302_write_byte(u8 addr,u8 dat)
  22          {
  23   1        u8 i=0;
  24   1        
  25   1        DS1302_RST=0;
  26   1        _nop_();  
  27   1        DS1302_CLK=0;//CLK低电平
  28   1        _nop_();
  29   1        DS1302_RST=1;//RST由低到高变化
  30   1        _nop_();
  31   1      
  32   1        for(i=0;i<8;i++)//循环8次，每次写1位，先写低位再写高位
  33   1        {
  34   2          DS1302_IO=addr&0x01;
  35   2          addr>>=1;
  36   2          DS1302_CLK=1;
  37   2          _nop_();
  38   2          DS1302_CLK=0;//CLK由低到高产生一个上升沿，从而写入数据
  39   2          _nop_();    
  40   2        }
  41   1        for(i=0;i<8;i++)//循环8次，每次写1位，先写低位再写高位
  42   1        {
  43   2          DS1302_IO=dat&0x01;
  44   2          dat>>=1;
  45   2          DS1302_CLK=1;
  46   2          _nop_();
  47   2          DS1302_CLK=0;
  48   2          _nop_();    
  49   2        }
  50   1        DS1302_RST=0;//RST拉低
  51   1        _nop_();  
  52   1      }
  53          
C51 COMPILER V9.54   DS1302                                                                11/30/2022 22:55:10 PAGE 2   

  54          /*******************************************************************************
  55          * 函 数 名       : ds1302_read_byte
  56          * 函数功能     : DS1302读单字节
  57          * 输    入       : addr：地址/命令
  58          * 输    出       : 读取的数据
  59          *******************************************************************************/
  60          u8 ds1302_read_byte(u8 addr)
  61          {
  62   1        u8 i=0;
  63   1        u8 temp=0;
  64   1        u8 value=0;
  65   1      
  66   1        DS1302_RST=0;
  67   1        _nop_();  
  68   1        DS1302_CLK=0;//CLK低电平
  69   1        _nop_();
  70   1        DS1302_RST=1;//RST由低到高变化
  71   1        _nop_();
  72   1        
  73   1        for(i=0;i<8;i++)//循环8次，每次写1位，先写低位再写高位
  74   1        {
  75   2          DS1302_IO=addr&0x01;
  76   2          addr>>=1; 
  77   2          DS1302_CLK=1;
  78   2          _nop_();
  79   2          DS1302_CLK=0;//CLK由低到高产生一个上升沿，从而写入数据
  80   2          _nop_();    
  81   2        }
  82   1        for(i=0;i<8;i++)//循环8次，每次读1位，先读低位再读高位
  83   1        {
  84   2          temp=DS1302_IO;
  85   2          value=(temp<<7)|(value>>1);//先将value右移1位，然后temp左移7位，最后或运算
  86   2          DS1302_CLK=1;
  87   2          _nop_();
  88   2          DS1302_CLK=0;
  89   2          _nop_();    
  90   2        }
  91   1        DS1302_RST=0;//RST拉低
  92   1        _nop_();  
  93   1        DS1302_CLK=1;//对于实物中，P3.4口没有外接上拉电阻的，此处代码需要添加，使数
             -口有一个上升沿脉冲。
  94   1        _nop_();
  95   1        DS1302_IO = 0;
  96   1        _nop_();
  97   1        DS1302_IO = 1;
  98   1        _nop_();  
  99   1        return value;   
 100   1      }
 101          
 102          /*******************************************************************************
 103          * 函 数 名       : ds1302_init
 104          * 函数功能     : DS1302初始化时间
 105          * 输    入       : 无
 106          * 输    出       : 无
 107          *******************************************************************************/
 108          void ds1302_init(void)
 109          {
 110   1        u8 i=0;
 111   1        ds1302_write_byte(0x8E,0X00);
 112   1        for(i=0;i<7;i++)
 113   1        {
 114   2          ds1302_write_byte(gWRITE_RTC_ADDR[i],gDS1302_TIME[i]);  
C51 COMPILER V9.54   DS1302                                                                11/30/2022 22:55:10 PAGE 3   

 115   2        }
 116   1        ds1302_write_byte(0x8E,0X80); 
 117   1      }
 118          
 119          /*******************************************************************************
 120          * 函 数 名       : ds1302_read_time
 121          * 函数功能     : DS1302读取时间
 122          * 输    入       : 无
 123          * 输    出       : 无
 124          *******************************************************************************/
 125          void ds1302_read_time(void)
 126          {
 127   1        u8 i=0;
 128   1        for(i=0;i<7;i++)
 129   1        {
 130   2          gDS1302_TIME[i]=ds1302_read_byte(gREAD_RTC_ADDR[i]);  
 131   2        } 
 132   1      }


MODULE INFORMATION:   STATIC OVERLAYABLE
   CODE SIZE        =    184    ----
   CONSTANT SIZE    =   ----    ----
   XDATA SIZE       =   ----    ----
   PDATA SIZE       =   ----    ----
   DATA SIZE        =     21    ----
   IDATA SIZE       =   ----    ----
   BIT SIZE         =   ----    ----
END OF MODULE INFORMATION.


C51 COMPILATION COMPLETE.  0 WARNING(S),  0 ERROR(S)
