C51 COMPILER V9.54   MAIN                                                                  11/27/2022 14:57:45 PAGE 1   


C51 COMPILER V9.54, COMPILATION OF MODULE MAIN
OBJECT MODULE PLACED IN .\Objects\main.obj
COMPILER INVOKED BY: E:\dev\keil5for51\C51\BIN\C51.EXE main.c OPTIMIZE(8,SPEED) BROWSE DEBUG OBJECTEXTEND PRINT(.\Listin
                    -gs\main.lst) TABS(2) OBJECT(.\Objects\main.obj)

line level    source

   1          #include <reg52.h>
   2          typedef unsigned int u16; 
   3          typedef unsigned char u8;
   4          
   5          #define SMG_A_DP_PORT P0
   6          //共阴极数码管显示 0~F 的段码数据
   7          u8 gsmg_code[17] = {0x3f, 0x06, 0x5b, 0x4f, 0x66, 0x6d, 0x7d, 0x07,
   8                              0x7f, 0x6f, 0x77, 0x7c, 0x39, 0x5e, 0x79, 0x71};
   9          
  10          int main()
  11          {
  12   1          SMG_A_DP_PORT = gsmg_code[0];
  13   1          while (1)
  14   1          {
  15   2          }
  16   1      
  17   1          return 0;
  18   1      }
*** WARNING C294 IN LINE 17 OF main.c: unreachable code


MODULE INFORMATION:   STATIC OVERLAYABLE
   CODE SIZE        =      5    ----
   CONSTANT SIZE    =   ----    ----
   XDATA SIZE       =   ----    ----
   PDATA SIZE       =   ----    ----
   DATA SIZE        =     17    ----
   IDATA SIZE       =   ----    ----
   BIT SIZE         =   ----    ----
END OF MODULE INFORMATION.


C51 COMPILATION COMPLETE.  1 WARNING(S),  0 ERROR(S)
