C51 COMPILER V9.54   MAIN                                                                  11/27/2022 12:24:13 PAGE 1   


C51 COMPILER V9.54, COMPILATION OF MODULE MAIN
OBJECT MODULE PLACED IN .\Objects\main.obj
COMPILER INVOKED BY: E:\dev\keil5for51\C51\BIN\C51.EXE main.c OPTIMIZE(8,SPEED) BROWSE DEBUG OBJECTEXTEND PRINT(.\Listin
                    -gs\main.lst) TABS(2) OBJECT(.\Objects\main.obj)

line level    source

   1          #include <reg52.h>
   2          
   3          sbit LED1 = P2 ^ 0;
   4          typedef unsigned int u16;
   5          typedef unsigned char u8;
   6          
   7          void delay_10us(u16 ten_us)
   8          {
   9   1          while (ten_us--);
  10   1          
  11   1      }
  12          
  13          int main(int argc, char const *argv[])
  14          {
  15   1          
  16   1          while (1)
  17   1          {
  18   2              LED1 = 0;
  19   2              delay_10us(50000);
  20   2              LED1 = 1;
  21   2              delay_10us(50000);
  22   2          }
  23   1      
  24   1          return 0;
  25   1      }
*** WARNING C280 IN LINE 13 OF main.c: 'argc': unreferenced local variable
*** WARNING C280 IN LINE 13 OF main.c: 'argv': unreferenced local variable
*** WARNING C294 IN LINE 24 OF main.c: unreachable code


MODULE INFORMATION:   STATIC OVERLAYABLE
   CODE SIZE        =     41    ----
   CONSTANT SIZE    =   ----    ----
   XDATA SIZE       =   ----    ----
   PDATA SIZE       =   ----    ----
   DATA SIZE        =   ----       5
   IDATA SIZE       =   ----    ----
   BIT SIZE         =   ----    ----
END OF MODULE INFORMATION.


C51 COMPILATION COMPLETE.  3 WARNING(S),  0 ERROR(S)
