C51 COMPILER V9.54   MAIN                                                                  11/28/2022 19:51:25 PAGE 1   


C51 COMPILER V9.54, COMPILATION OF MODULE MAIN
OBJECT MODULE PLACED IN .\Objects\main.obj
COMPILER INVOKED BY: E:\dev\keil5for51\C51\BIN\C51.EXE main.c OPTIMIZE(8,SPEED) BROWSE DEBUG OBJECTEXTEND PRINT(.\Listin
                    -gs\main.lst) TABS(2) OBJECT(.\Objects\main.obj)

line level    source

   1          #include <reg52.h>
   2          typedef unsigned int u16;
   3          typedef unsigned char u8;
   4          
   5          //直流电机控制管脚
   6          sbit DC_Motor = P1 ^ 0;
   7          //直流电机运行时间为5000ms
   8          #define DC_MOTOR_RUN_TIME 5000
   9          void delay_ms(u16 ms)
  10          {
  11   1          u16 i, j;
  12   1          for (i = ms; i > 0; i--)
  13   1              for (j = 110; j > 0; j--)
  14   1                  ;
  15   1      }
  16          
  17          int main()
  18          {
  19   1          //开启电机
  20   1          DC_Motor = 1;
  21   1          delay_ms(DC_MOTOR_RUN_TIME);
  22   1          DC_Motor = 0;
  23   1          while (1)
  24   1          {
  25   2              /* code */
  26   2          }
  27   1      
  28   1          return 0;
  29   1      }
*** WARNING C294 IN LINE 28 OF main.c: unreachable code


MODULE INFORMATION:   STATIC OVERLAYABLE
   CODE SIZE        =     43    ----
   CONSTANT SIZE    =   ----    ----
   XDATA SIZE       =   ----    ----
   PDATA SIZE       =   ----    ----
   DATA SIZE        =   ----    ----
   IDATA SIZE       =   ----    ----
   BIT SIZE         =   ----    ----
END OF MODULE INFORMATION.


C51 COMPILATION COMPLETE.  1 WARNING(S),  0 ERROR(S)
