C51 COMPILER V9.54   MAIN                                                                  11/27/2022 12:14:46 PAGE 1   


C51 COMPILER V9.54, COMPILATION OF MODULE MAIN
OBJECT MODULE PLACED IN .\Objects\main.obj
COMPILER INVOKED BY: E:\dev\keil5for51\C51\BIN\C51.EXE main.c OPTIMIZE(8,SPEED) BROWSE DEBUG OBJECTEXTEND PRINT(.\Listin
                    -gs\main.lst) TABS(2) OBJECT(.\Objects\main.obj)

line level    source

   1          #include <reg52.h>
   2          
   3          sbit LED1 = P2 ^ 0;
   4          int main(int argc, char const *argv[])
   5          {
   6   1          LED1=0;
   7   1          while (1)
   8   1          {
   9   2              /* code */
  10   2          }
  11   1          
  12   1      
  13   1          return 0;
  14   1      }
*** WARNING C280 IN LINE 4 OF main.c: 'argc': unreferenced local variable
*** WARNING C280 IN LINE 4 OF main.c: 'argv': unreferenced local variable
*** WARNING C294 IN LINE 13 OF main.c: unreachable code


MODULE INFORMATION:   STATIC OVERLAYABLE
   CODE SIZE        =     14    ----
   CONSTANT SIZE    =   ----    ----
   XDATA SIZE       =   ----    ----
   PDATA SIZE       =   ----    ----
   DATA SIZE        =   ----       5
   IDATA SIZE       =   ----    ----
   BIT SIZE         =   ----    ----
END OF MODULE INFORMATION.


C51 COMPILATION COMPLETE.  3 WARNING(S),  0 ERROR(S)
