C51 COMPILER V9.54   MAIN                                                                  11/30/2022 22:55:10 PAGE 1   


C51 COMPILER V9.54, COMPILATION OF MODULE MAIN
OBJECT MODULE PLACED IN .\Obj\main.obj
COMPILER INVOKED BY: E:\dev\keil5for51\C51\BIN\C51.EXE User\main.c OPTIMIZE(8,SPEED) BROWSE INCDIR(.\Public;.\App\24c02;
                    -.\App\iic;.\App\key;.\App\smg;.\App\ds1302) DEBUG OBJECTEXTEND PRINT(.\Obj\main.lst) TABS(2) OBJECT(.\Obj\main.obj)

line level    source

   1          #include "public.h"
   2          #include "ds1302.h"
   3          #include "smg.h"
   4          
   5          void main()
   6          {
   7   1        u8 time_buf[8];
   8   1      
   9   1        ds1302_init(); //初始化DS1302
  10   1      
  11   1        while (1)
  12   1        {
  13   2          ds1302_read_time();
  14   2          time_buf[0] = gsmg_code[gDS1302_TIME[2] / 16];
  15   2          time_buf[1] = gsmg_code[gDS1302_TIME[2] & 0x0f];
  16   2          time_buf[2] = 0x40;
  17   2          time_buf[3] = gsmg_code[gDS1302_TIME[1] / 16];
  18   2          time_buf[4] = gsmg_code[gDS1302_TIME[1] & 0x0f];
  19   2          time_buf[5] = 0x40;
  20   2          time_buf[6] = gsmg_code[gDS1302_TIME[0] / 16];
  21   2          time_buf[7] = gsmg_code[gDS1302_TIME[0] & 0x0f];
  22   2          smg_display(time_buf, 1);
  23   2        }
  24   1      }


MODULE INFORMATION:   STATIC OVERLAYABLE
   CODE SIZE        =     88    ----
   CONSTANT SIZE    =   ----    ----
   XDATA SIZE       =   ----    ----
   PDATA SIZE       =   ----    ----
   DATA SIZE        =   ----       8
   IDATA SIZE       =   ----    ----
   BIT SIZE         =   ----    ----
END OF MODULE INFORMATION.


C51 COMPILATION COMPLETE.  0 WARNING(S),  0 ERROR(S)
