C51 COMPILER V9.54   SMG                                                                   11/30/2022 22:55:10 PAGE 1   


C51 COMPILER V9.54, COMPILATION OF MODULE SMG
OBJECT MODULE PLACED IN .\Obj\smg.obj
COMPILER INVOKED BY: E:\dev\keil5for51\C51\BIN\C51.EXE App\smg\smg.c OPTIMIZE(8,SPEED) BROWSE INCDIR(.\Public;.\App\24c0
                    -2;.\App\iic;.\App\key;.\App\smg;.\App\ds1302) DEBUG OBJECTEXTEND PRINT(.\Obj\smg.lst) TABS(2) OBJECT(.\Obj\smg.obj)

line level    source

   1          #include "smg.h"
   2          u8 gsmg_code[17] = {0x3f, 0x06, 0x5b, 0x4f, 0x66, 0x6d, 0x7d, 0x07,
   3                    0x7f, 0x6f, 0x77, 0x7c, 0x39, 0x5e, 0x79, 0x71};
   4          /**
   5           * @brief
   6           *
   7           * @param dat 要显示的数据
   8           * @param pos 从左开始第几个位置开始显示，范围1-8
   9           */
  10          void smg_display(u8 dat[], u8 pos)
  11          {
  12   1        u8 i = 0;
  13   1        u8 pos_temp = pos - 1;
  14   1      
  15   1        for (i = pos_temp; i < 8; i++)
  16   1        {
  17   2          switch (i)
  18   2          {
  19   3          case 0:
  20   3            LSC = 1;
  21   3            LSB = 1;
  22   3            LSA = 1;
  23   3            break;
  24   3          case 1:
  25   3            LSC = 1;
  26   3            LSB = 1;
  27   3            LSA = 0;
  28   3            break;
  29   3          case 2:
  30   3            LSC = 1;
  31   3            LSB = 0;
  32   3            LSA = 1;
  33   3            break;
  34   3          case 3:
  35   3            LSC = 1;
  36   3            LSB = 0;
  37   3            LSA = 0;
  38   3            break;
  39   3          case 4:
  40   3            LSC = 0;
  41   3            LSB = 1;
  42   3            LSA = 1;
  43   3            break;
  44   3          case 5:
  45   3            LSC = 0;
  46   3            LSB = 1;
  47   3            LSA = 0;
  48   3            break;
  49   3          case 6:
  50   3            LSC = 0;
  51   3            LSB = 0;
  52   3            LSA = 1;
  53   3            break;
  54   3          case 7:
C51 COMPILER V9.54   SMG                                                                   11/30/2022 22:55:10 PAGE 2   

  55   3            LSC = 0;
  56   3            LSB = 0;
  57   3            LSA = 0;
  58   3            break;
  59   3          }
  60   2          // SMG_A_DP_PORT = gsmg_code[dat[i - pos_temp]];
  61   2          SMG_A_DP_PORT = dat[i - pos_temp];
  62   2          delay_10us(100);
  63   2          SMG_A_DP_PORT = 0x00;
  64   2        }
  65   1      }


MODULE INFORMATION:   STATIC OVERLAYABLE
   CODE SIZE        =    146    ----
   CONSTANT SIZE    =   ----    ----
   XDATA SIZE       =   ----    ----
   PDATA SIZE       =   ----    ----
   DATA SIZE        =     17       5
   IDATA SIZE       =   ----    ----
   BIT SIZE         =   ----    ----
END OF MODULE INFORMATION.


C51 COMPILATION COMPLETE.  0 WARNING(S),  0 ERROR(S)
