C51 COMPILER V9.54   24C02                                                                 11/30/2022 22:03:37 PAGE 1   


C51 COMPILER V9.54, COMPILATION OF MODULE 24C02
OBJECT MODULE PLACED IN .\Obj\24c02.obj
COMPILER INVOKED BY: E:\dev\keil5for51\C51\BIN\C51.EXE App\24c02\24c02.c OPTIMIZE(8,SPEED) BROWSE INCDIR(.\Public;.\App\
                    -24c02;.\App\iic;.\App\key;.\App\smg) DEBUG OBJECTEXTEND PRINT(.\Obj\24c02.lst) TABS(2) OBJECT(.\Obj\24c02.obj)

line level    source

   1          #include "24c02.h"
   2          #include "iic.h"
   3          /**
   4           * @brief 在 AT24CXX 指定地址写入一个数据
   5           *
   6           * @param addr 写入数据的目的地址
   7           * @param dat :要写入的数据
   8           */
   9          void at24c02_write_one_byte(u8 addr, u8 dat)
  10          {
  11   1        iic_start();
  12   1        iic_write_byte(0XA0);
  13   1        iic_wait_ack();
  14   1        iic_write_byte(addr);
  15   1        iic_wait_ack();
  16   1        iic_write_byte(dat);
  17   1        iic_wait_ack();
  18   1        iic_stop();
  19   1        delay_ms(10);
  20   1      }
  21          /**
  22           * @brief 在 AT24CXX 指定地址读出一个数据
  23           *
  24           * @param  addr:开始读数的地址
  25           * @return u8 读到的数据
  26           */
  27          u8 at24c02_read_one_byte(u8 addr)
  28          {
  29   1        u8 temp = 0;
  30   1        iic_start();
  31   1        iic_write_byte(0XA0);
  32   1        iic_wait_ack();
  33   1        iic_write_byte(addr);
  34   1        iic_wait_ack();
  35   1        iic_start();
  36   1        iic_write_byte(0XA1);
  37   1        iic_wait_ack();
  38   1        temp = iic_read_byte(0);
  39   1        iic_stop();
  40   1        return temp;
  41   1      }


MODULE INFORMATION:   STATIC OVERLAYABLE
   CODE SIZE        =     89    ----
   CONSTANT SIZE    =   ----    ----
   XDATA SIZE       =   ----    ----
   PDATA SIZE       =   ----    ----
   DATA SIZE        =   ----       4
   IDATA SIZE       =   ----    ----
   BIT SIZE         =   ----    ----
END OF MODULE INFORMATION.


C51 COMPILATION COMPLETE.  0 WARNING(S),  0 ERROR(S)
