C51 COMPILER V9.54   IIC                                                                   11/30/2022 22:03:37 PAGE 1   


C51 COMPILER V9.54, COMPILATION OF MODULE IIC
OBJECT MODULE PLACED IN .\Obj\iic.obj
COMPILER INVOKED BY: E:\dev\keil5for51\C51\BIN\C51.EXE App\iic\iic.c OPTIMIZE(8,SPEED) BROWSE INCDIR(.\Public;.\App\24c0
                    -2;.\App\iic;.\App\key;.\App\smg) DEBUG OBJECTEXTEND PRINT(.\Obj\iic.lst) TABS(2) OBJECT(.\Obj\iic.obj)

line level    source

   1          #include "iic.h"
   2          
   3          /**
   4           * @brief 产生I2C起始信号
   5           *
   6           */
   7          void iic_start(void)
   8          {
   9   1        IIC_SDA = 1;
  10   1        delay_10us(1);
  11   1        IIC_SCL = 1;
  12   1        delay_10us(1);
  13   1        IIC_SDA = 0; //当 SCL 为高电平时，SDA 由高变为低
  14   1        delay_10us(1);
  15   1        IIC_SCL = 0; //钳住 I2C 总线，准备发送或接收数据
  16   1        delay_10us(1);
  17   1      }
  18          /**
  19           * @brief 产生I2C停止信号
  20           *
  21           */
  22          void iic_stop(void)
  23          {
  24   1        IIC_SDA = 0;
  25   1        delay_10us(1);
  26   1        IIC_SCL = 1;
  27   1        delay_10us(1);
  28   1        IIC_SDA = 1; //当 SCL 为高电平时，SDA 由低变为高
  29   1        delay_10us(1);
  30   1      }
  31          /**
  32           * @brief 产生I2C应答
  33           *
  34           */
  35          void iic_ack(void)
  36          {
  37   1        IIC_SCL = 0; // SCL为低电平 才可以修改SDA的数据
  38   1        IIC_SDA = 0; // SDA 为低电平
  39   1        delay_10us(1);
  40   1        IIC_SCL = 1; //设置为高电平 让别人读
  41   1        delay_10us(1);
  42   1        IIC_SCL = 0; //设置为低电平 让别人可以更改
  43   1      }
  44          /**
  45           * @brief 产生I2C非应答
  46           *
  47           */
  48          void iic_nack(void)
  49          {
  50   1        IIC_SCL = 0; // SCL为低电平 才可以修改SDA的数据
  51   1        IIC_SDA = 1; // SDA 为高电平
  52   1        delay_10us(1);
  53   1        IIC_SCL = 1; //设置为高电平 让别人读
  54   1        delay_10us(1);
C51 COMPILER V9.54   IIC                                                                   11/30/2022 22:03:37 PAGE 2   

  55   1        IIC_SCL = 0; //设置为低电平 让别人可以更改
  56   1      }
  57          /**
  58           * @brief 等待应答信号到来
  59           *
  60           * @return u8
  61           *      1，接收应答失败
  62           *      0，接收应答成功
  63           */
  64          u8 iic_wait_ack(void)
  65          {
  66   1        u8 time_temp = 0;
  67   1      
  68   1        IIC_SCL = 1;
  69   1        delay_10us(1);
  70   1        while (IIC_SDA) //等待 SDA 为低电平
  71   1        {
  72   2          time_temp++;
  73   2          if (time_temp > 100) //超时则强制结束 IIC 通信
  74   2          {
  75   3            iic_stop();
  76   3            return 1;
  77   3          }
  78   2        }
  79   1        IIC_SCL = 0;
  80   1        return 0;
  81   1      }
  82          /**
  83           * @brief I2C 发送一个字节
  84           *
  85           * @param dat 字节
  86           */
  87          void iic_write_byte(u8 dat)
  88          {
  89   1        u8 i = 0;
  90   1        // SCL为低电平 才可以修改SDA的数据
  91   1        IIC_SCL = 0;
  92   1        for (i = 0; i < 8; i++)
  93   1        {
  94   2          if ((dat & 0x80) > 0)
  95   2            IIC_SDA = 1;
  96   2          else
  97   2            IIC_SDA = 0;
  98   2          dat <<= 1;
  99   2          delay_10us(1);
 100   2          IIC_SCL = 1; //设置为高电平 让别人读
 101   2          delay_10us(1);
 102   2          IIC_SCL = 0; //设置为低电平 让别人可以更改
 103   2          delay_10us(1);
 104   2        }
 105   1      }
 106          /**
 107           * @brief I2C 读取一个字节
 108           *
 109           * @param ack ack=1 时，发送 ACK，ack=0，发送 nACK
 110           * @return 应答或非应答
 111           */
 112          u8 iic_read_byte(u8 ack)
 113          {
 114   1        u8 i = 0, receive = 0;
 115   1      
 116   1        for (i = 0; i < 8; i++)
C51 COMPILER V9.54   IIC                                                                   11/30/2022 22:03:37 PAGE 3   

 117   1        {
 118   2          //设置为低电平 让别人可以更改
 119   2          IIC_SCL = 0;
 120   2          delay_10us(1);
 121   2          //设置为高电平 让自己读
 122   2          IIC_SCL = 1;
 123   2          receive <<= 1;
 124   2          if (IIC_SDA)
 125   2          {
 126   3            receive++;
 127   3          }
 128   2          delay_10us(1);
 129   2        }
 130   1        if (!ack)
 131   1          iic_nack();
 132   1        else
 133   1          iic_ack();
 134   1      
 135   1        return receive;
 136   1      }


MODULE INFORMATION:   STATIC OVERLAYABLE
   CODE SIZE        =    270    ----
   CONSTANT SIZE    =   ----    ----
   XDATA SIZE       =   ----    ----
   PDATA SIZE       =   ----    ----
   DATA SIZE        =   ----       6
   IDATA SIZE       =   ----    ----
   BIT SIZE         =   ----    ----
END OF MODULE INFORMATION.


C51 COMPILATION COMPLETE.  0 WARNING(S),  0 ERROR(S)
