C51 COMPILER V9.54   MAIN                                                                  11/30/2022 22:03:37 PAGE 1   


C51 COMPILER V9.54, COMPILATION OF MODULE MAIN
OBJECT MODULE PLACED IN .\Obj\main.obj
COMPILER INVOKED BY: E:\dev\keil5for51\C51\BIN\C51.EXE User\main.c OPTIMIZE(8,SPEED) BROWSE INCDIR(.\Public;.\App\24c02;
                    -.\App\iic;.\App\key;.\App\smg) DEBUG OBJECTEXTEND PRINT(.\Obj\main.lst) TABS(2) OBJECT(.\Obj\main.obj)

line level    source

   1          #include "public.h"
   2          #include "24c02.h"
   3          #include "key.h"
   4          #include "smg.h"
   5          
   6          #define EEPROM_ADDRESS 0 //定义数据存入 EEPROM 的起始地址
   7          
   8          void main()
   9          {
  10   1        u8 key_temp = 0;
  11   1        u8 save_value = 0;
  12   1        u8 save_buf[3];
  13   1      
  14   1        while (1)
  15   1        {
  16   2          key_temp = key_scan(0);
  17   2          if (key_temp == KEY1_PRESS)
  18   2          {
  19   3            at24c02_write_one_byte(EEPROM_ADDRESS, save_value);
  20   3          }
  21   2          else if (key_temp == KEY2_PRESS)
  22   2          {
  23   3            save_value = at24c02_read_one_byte(EEPROM_ADDRESS);
  24   3          }
  25   2          else if (key_temp == KEY3_PRESS)
  26   2          {
  27   3            save_value++;
  28   3            if (save_value == 255)
  29   3              save_value = 255;
  30   3          }
  31   2          else if (key_temp == KEY4_PRESS)
  32   2          {
  33   3            save_value = 0;
  34   3          }
  35   2          save_buf[0] = save_value / 100;
  36   2          save_buf[1] = save_value % 100 / 10;
  37   2          save_buf[2] = save_value % 100 % 10;
  38   2          smg_display(save_buf, 6);
  39   2        }
  40   1      }


MODULE INFORMATION:   STATIC OVERLAYABLE
   CODE SIZE        =    109    ----
   CONSTANT SIZE    =   ----    ----
   XDATA SIZE       =   ----    ----
   PDATA SIZE       =   ----    ----
   DATA SIZE        =   ----       5
   IDATA SIZE       =   ----    ----
   BIT SIZE         =   ----    ----
END OF MODULE INFORMATION.


C51 COMPILATION COMPLETE.  0 WARNING(S),  0 ERROR(S)
