C51 COMPILER V9.54   SMG                                                                   11/30/2022 22:03:37 PAGE 1   


C51 COMPILER V9.54, COMPILATION OF MODULE SMG
OBJECT MODULE PLACED IN .\Obj\smg.obj
COMPILER INVOKED BY: E:\dev\keil5for51\C51\BIN\C51.EXE App\smg\smg.c OPTIMIZE(8,SPEED) BROWSE INCDIR(.\Public;.\App\24c0
                    -2;.\App\iic;.\App\key;.\App\smg) DEBUG OBJECTEXTEND PRINT(.\Obj\smg.lst) TABS(2) OBJECT(.\Obj\smg.obj)

line level    source

   1          #include "smg.h"
   2          //共阴极数码管显示 0-F 的断码数据
   3          u8 gsmg_code[17] = {0x3f, 0x06, 0x5b, 0x4f, 0x66, 0x6d, 0x7d, 0x07,
   4                    0x7f, 0x6f, 0x77, 0x7c, 0x39, 0x5e, 0x79, 0x71};
   5          /**
   6           * @brief
   7           *
   8           * @param dat 要显示的数据
   9           * @param pos 从左开始第几个位置开始显示，范围1-8
  10           */
  11          void smg_display(u8 dat[], u8 pos)
  12          {
  13   1        u8 i = 0;
  14   1        u8 pos_temp = pos - 1;
  15   1      
  16   1        for (i = pos_temp; i < 8; i++)
  17   1        {
  18   2          switch (i)
  19   2          {
  20   3          case 0:
  21   3            LSC = 1;
  22   3            LSB = 1;
  23   3            LSA = 1;
  24   3            break;
  25   3          case 1:
  26   3            LSC = 1;
  27   3            LSB = 1;
  28   3            LSA = 0;
  29   3            break;
  30   3          case 2:
  31   3            LSC = 1;
  32   3            LSB = 0;
  33   3            LSA = 1;
  34   3            break;
  35   3          case 3:
  36   3            LSC = 1;
  37   3            LSB = 0;
  38   3            LSA = 0;
  39   3            break;
  40   3          case 4:
  41   3            LSC = 0;
  42   3            LSB = 1;
  43   3            LSA = 1;
  44   3            break;
  45   3          case 5:
  46   3            LSC = 0;
  47   3            LSB = 1;
  48   3            LSA = 0;
  49   3            break;
  50   3          case 6:
  51   3            LSC = 0;
  52   3            LSB = 0;
  53   3            LSA = 1;
  54   3            break;
C51 COMPILER V9.54   SMG                                                                   11/30/2022 22:03:37 PAGE 2   

  55   3          case 7:
  56   3            LSC = 0;
  57   3            LSB = 0;
  58   3            LSA = 0;
  59   3            break;
  60   3          }
  61   2          SMG_A_DP_PORT = gsmg_code[dat[i - pos_temp]];
  62   2          delay_10us(100);
  63   2          SMG_A_DP_PORT = 0x00;
  64   2        }
  65   1      }


MODULE INFORMATION:   STATIC OVERLAYABLE
   CODE SIZE        =    153    ----
   CONSTANT SIZE    =   ----    ----
   XDATA SIZE       =   ----    ----
   PDATA SIZE       =   ----    ----
   DATA SIZE        =     17       5
   IDATA SIZE       =   ----    ----
   BIT SIZE         =   ----    ----
END OF MODULE INFORMATION.


C51 COMPILATION COMPLETE.  0 WARNING(S),  0 ERROR(S)
