C51 COMPILER V9.54   MAIN                                                                  11/28/2022 22:47:00 PAGE 1   


C51 COMPILER V9.54, COMPILATION OF MODULE MAIN
OBJECT MODULE PLACED IN .\Objects\main.obj
COMPILER INVOKED BY: E:\dev\keil5for51\C51\BIN\C51.EXE main.c OPTIMIZE(8,SPEED) BROWSE DEBUG OBJECTEXTEND PRINT(.\Listin
                    -gs\main.lst) TABS(2) OBJECT(.\Objects\main.obj)

line level    source

   1          #include <reg52.h>
   2          typedef unsigned int u16;
   3          typedef unsigned char u8;
   4          
   5          sbit LED1 = P2 ^ 0;
   6          //独立按键k3引脚
   7          sbit KEY3 = P3 ^ 2;
   8          void delay_10us(u16 ten_us)
   9          {
  10   1          while (ten_us--)
  11   1              ;
  12   1      }
  13          
  14          void exti0_init()
  15          {
  16   1          IT0 = 1; //跳变沿触发方式（下降沿）
  17   1          EX0 = 1;
  18   1          ;       //打开 INT0 的中断允许
  19   1          EA = 1; //打开总中断
  20   1      }
  21          
  22          int main()
  23          {
  24   1          exti0_init();
  25   1          while (1)
  26   1          {
  27   2              /* code */
  28   2          }
  29   1      
  30   1          return 0;
  31   1      }
  32          
  33          void exti0() interrupt 0
  34          {
  35   1          //消抖
  36   1          delay_10us(1000);
  37   1      
  38   1          if (KEY3 == 0)
  39   1          {
  40   2              LED1 = !LED1;
  41   2          }
  42   1      }
*** WARNING C294 IN LINE 30 OF main.c: unreachable code


MODULE INFORMATION:   STATIC OVERLAYABLE
   CODE SIZE        =     59    ----
   CONSTANT SIZE    =   ----    ----
   XDATA SIZE       =   ----    ----
   PDATA SIZE       =   ----    ----
   DATA SIZE        =   ----    ----
   IDATA SIZE       =   ----    ----
   BIT SIZE         =   ----    ----
END OF MODULE INFORMATION.

C51 COMPILER V9.54   MAIN                                                                  11/28/2022 22:47:00 PAGE 2   


C51 COMPILATION COMPLETE.  1 WARNING(S),  0 ERROR(S)
