C51 COMPILER V9.54   MAIN                                                                  11/28/2022 19:10:12 PAGE 1   


C51 COMPILER V9.54, COMPILATION OF MODULE MAIN
OBJECT MODULE PLACED IN .\Objects\main.obj
COMPILER INVOKED BY: E:\dev\keil5for51\C51\BIN\C51.EXE main.c OPTIMIZE(8,SPEED) BROWSE DEBUG OBJECTEXTEND PRINT(.\Listin
                    -gs\main.lst) TABS(2) OBJECT(.\Objects\main.obj)

line level    source

   1          #include <reg52.h>
   2          typedef unsigned int u16;
   3          typedef unsigned char u8;
   4          void delay_10us(u16 ten_us)
   5          {
   6   1          while (ten_us--)
   7   1          {
   8   2          }
   9   1      }
  10          void delay_ms(u16 ms)
  11          {
  12   1          u16 i, j;
  13   1          for (i = ms; i > 0; i--)
  14   1          {
  15   2              for (j = 110; j > 0; j--)
  16   2              {
  17   3              }
  18   2          }
  19   1      }
  20          
  21          // 74HC595 控制管脚
  22          //移位寄存器时钟输入
  23          sbit SRCLK595 = P3 ^ 6;
  24          //存储寄存器时钟输入
  25          sbit RCLK595 = P3 ^ 5;
  26          //串行数据输入
  27          sbit SER = P3 ^ 4;
  28          //点阵列控制端口
  29          #define LEDDZ_COL_PORT P0
  30          
  31          u8 ghc595_buf[8] = {0x01, 0x02, 0x04, 0x08, 0x10, 0x20, 0x40, 0x80};
  32          
  33          void ghc595_send_byte(u8 dat)
  34          {
  35   1          u8 i;
  36   1          //循环将一个字节的每个byte传输
  37   1          //由高位到地位传输
  38   1          for (i = 0; i < 8; i++)
  39   1          {
  40   2              //将dat的最高位右移到第一位 赋给SER
  41   2              SER = dat >> 7;
  42   2              // dat 左移一位 将次低位放入最高位
  43   2              dat = dat << 1;
  44   2              SRCLK595 = 0;
  45   2              delay_10us(1);
  46   2              SRCLK595 = 1;
  47   2              ; //移位寄存器时钟上升沿将端口数据送入寄存器中
  48   2              delay_10us(1);
  49   2          }
  50   1          RCLK595 = 1;
  51   1          delay_10us(1);
  52   1          RCLK595 = 0; //存储寄存器时钟上升沿将前面写入到寄存器的数据输出
  53   1      }
  54          
C51 COMPILER V9.54   MAIN                                                                  11/28/2022 19:10:12 PAGE 2   

  55          int main()
  56          {
  57   1          u8 i = 0;
  58   1          LEDDZ_COL_PORT = 0; //将 LED 点阵列全部设置为 0，即 LED 阴极为低电平
  59   1          while (1)
  60   1          {
  61   2              for (i = 0; i < 8; i++)
  62   2              {
  63   3                  ghc595_send_byte(0);//消除前面寄存器缓存数据
  64   3                  ghc595_send_byte(ghc595_buf[i]);////写入新的数据
  65   3                  delay_ms(500);
  66   3              }
  67   2          }
  68   1      
  69   1          return 0;
  70   1      }
*** WARNING C294 IN LINE 69 OF main.c: unreachable code


MODULE INFORMATION:   STATIC OVERLAYABLE
   CODE SIZE        =    118    ----
   CONSTANT SIZE    =   ----    ----
   XDATA SIZE       =   ----    ----
   PDATA SIZE       =   ----    ----
   DATA SIZE        =      8    ----
   IDATA SIZE       =   ----    ----
   BIT SIZE         =   ----    ----
END OF MODULE INFORMATION.


C51 COMPILATION COMPLETE.  1 WARNING(S),  0 ERROR(S)
