C51 COMPILER V9.54   MAIN                                                                  11/27/2022 12:54:02 PAGE 1   


C51 COMPILER V9.54, COMPILATION OF MODULE MAIN
OBJECT MODULE PLACED IN .\Objects\main.obj
COMPILER INVOKED BY: E:\dev\keil5for51\C51\BIN\C51.EXE main.c OPTIMIZE(8,SPEED) BROWSE DEBUG OBJECTEXTEND PRINT(.\Listin
                    -gs\main.lst) TABS(2) OBJECT(.\Objects\main.obj)

line level    source

   1          #include <reg52.h>
   2          
   3          typedef unsigned int u16;
   4          typedef unsigned char u8;
   5          
   6          #define LED_PORT P2
   7          void delay_10us(u16 ten_us)
   8          {
   9   1          while (ten_us--)
  10   1              ;
  11   1      }
  12          
  13          int main(int argc, char const *argv[])
  14          {
  15   1          u8 i = 0;
  16   1          while (1)
  17   1          {
  18   2              for (i = 0; i < 8; i++)
  19   2              {
  20   3                  //0000 0001
  21   3                  //0000 0010
  22   3                  LED_PORT = ~(0x01 << i);
  23   3                  delay_10us(50000);
  24   3              }
  25   2          }
  26   1      
  27   1          return 0;
  28   1      }
*** WARNING C280 IN LINE 13 OF main.c: 'argc': unreferenced local variable
*** WARNING C280 IN LINE 13 OF main.c: 'argv': unreferenced local variable
*** WARNING C294 IN LINE 27 OF main.c: unreachable code


MODULE INFORMATION:   STATIC OVERLAYABLE
   CODE SIZE        =     50    ----
   CONSTANT SIZE    =   ----    ----
   XDATA SIZE       =   ----    ----
   PDATA SIZE       =   ----    ----
   DATA SIZE        =   ----       5
   IDATA SIZE       =   ----    ----
   BIT SIZE         =   ----    ----
END OF MODULE INFORMATION.


C51 COMPILATION COMPLETE.  3 WARNING(S),  0 ERROR(S)
