C51 COMPILER V9.54   MAIN                                                                  11/27/2022 16:34:34 PAGE 1   


C51 COMPILER V9.54, COMPILATION OF MODULE MAIN
OBJECT MODULE PLACED IN .\Objects\main.obj
COMPILER INVOKED BY: E:\dev\keil5for51\C51\BIN\C51.EXE main.c OPTIMIZE(8,SPEED) BROWSE DEBUG OBJECTEXTEND PRINT(.\Listin
                    -gs\main.lst) TABS(2) OBJECT(.\Objects\main.obj)

line level    source

   1          #include <reg52.h>
   2          typedef unsigned int u16;
   3          typedef unsigned char u8;
   4          //独立按键的引脚
   5          sbit KEY1 = P3 ^ 1;
   6          sbit KEY2 = P3 ^ 0;
   7          sbit KEY3 = P3 ^ 2;
   8          sbit KEY4 = P3 ^ 3;
   9          // LED1引脚
  10          sbit LED1 = P2 ^ 0;
  11          //独立按键按下的键值
  12          #define KEY1_PRESS 1
  13          #define KEY2_PRESS 2
  14          #define KEY3_PRESS 3
  15          #define KEY4_PRESS 4
  16          #define KEY_UNPRESS 0
  17          
  18          void delay_10us(u16 ten_us)
  19          {
  20   1          while (ten_us--)
  21   1          {
  22   2              /* code */
  23   2          }
  24   1      }
  25          /**
  26           * @brief
  27           *
  28           * @param mode mode=1 连续扫描按键
  29           *             mode=0 单次扫描按键
  30           * @return u8
  31           */
  32          u8 key_scan(u8 mode)
  33          {
  34   1          //static 全局变量
  35   1          static u8 key = 1;
  36   1          //连续扫描按键
  37   1          if (mode)
  38   1          {
  39   2              key = 1;
  40   2          }
  41   1          if (key == 1 && (KEY1 == 0 || KEY2 == 0 || KEY3 == 0 || KEY4 == 0))
  42   1          {
  43   2              delay_10us(1000);
  44   2              key = 0;
  45   2              if (KEY1 == 0)
  46   2              {
  47   3                  return KEY1_PRESS;
  48   3              }
  49   2              if (KEY2 == 0)
  50   2              {
  51   3                  return KEY2_PRESS;
  52   3              }
  53   2              if (KEY3 == 0)
  54   2              {
C51 COMPILER V9.54   MAIN                                                                  11/27/2022 16:34:34 PAGE 2   

  55   3                  return KEY3_PRESS;
  56   3              }
  57   2              if (KEY4 == 0)
  58   2              {
  59   3                  return KEY1_PRESS;
  60   3              }
  61   2          }
  62   1          //当四个按键全部都变成1 高电平的时候 才将key 重新置为1
  63   1          else if (KEY1 == 1 && KEY2 == 1 && KEY3 == 1 && KEY4 == 1)
  64   1          {
  65   2              key = 1;
  66   2          }
  67   1          return KEY_UNPRESS;
  68   1      }
  69          
  70          int main()
  71          {
  72   1          static u8 key = 1;
  73   1      
  74   1          while (1)
  75   1          {
  76   2              key = key_scan(0);
  77   2              if (key == KEY1_PRESS)
  78   2              {
  79   3                  LED1 = !LED1;
  80   3              }
  81   2          }
  82   1          return 0;
  83   1      }
*** WARNING C294 IN LINE 82 OF main.c: unreachable code


MODULE INFORMATION:   STATIC OVERLAYABLE
   CODE SIZE        =    103    ----
   CONSTANT SIZE    =   ----    ----
   XDATA SIZE       =   ----    ----
   PDATA SIZE       =   ----    ----
   DATA SIZE        =      2    ----
   IDATA SIZE       =   ----    ----
   BIT SIZE         =   ----    ----
END OF MODULE INFORMATION.


C51 COMPILATION COMPLETE.  1 WARNING(S),  0 ERROR(S)
